This is pdfTeX, Version 3.14159265-2.6-1.40.15 (TeX Live 2014) (preloaded format=pdflatex 2014.5.25)  19 NOV 2014 20:50
entering extended mode
 restricted \write18 enabled.
 file:line:error style messages enabled.
 %&-line parsing enabled.
**"/Users/robertbrothers/Desktop/Fall 2014/Fundamentals_of_Robotics/robo_git/py
thon/HW10/homeowork10.tex"

(/Users/robertbrothers/Desktop/Fall 2014/Fundamentals_of_Robotics/robo_git/pyth
on/HW10/homeowork10.tex
LaTeX2e <2014/05/01>
Babel <3.9k> and hyphenation patterns for 78 languages loaded.
(/usr/local/texlive/2014/texmf-dist/tex/latex/base/article.cls
Document Class: article 2007/10/19 v1.4h Standard LaTeX document class
(/usr/local/texlive/2014/texmf-dist/tex/latex/base/size10.clo
File: size10.clo 2007/10/19 v1.4h Standard LaTeX file (size option)
)
\c@part=\count79
\c@section=\count80
\c@subsection=\count81
\c@subsubsection=\count82
\c@paragraph=\count83
\c@subparagraph=\count84
\c@figure=\count85
\c@table=\count86
\abovecaptionskip=\skip41
\belowcaptionskip=\skip42
\bibindent=\dimen102
)
(/usr/local/texlive/2014/texmf-dist/tex/latex/setspace/setspace.sty
Package: setspace 2011/12/19 v6.7a set line spacing
)
(/usr/local/texlive/2014/texmf-dist/tex/latex/amsmath/amsmath.sty
Package: amsmath 2013/01/14 v2.14 AMS math features
\@mathmargin=\skip43

For additional information on amsmath, use the `?' option.
(/usr/local/texlive/2014/texmf-dist/tex/latex/amsmath/amstext.sty
Package: amstext 2000/06/29 v2.01

(/usr/local/texlive/2014/texmf-dist/tex/latex/amsmath/amsgen.sty
File: amsgen.sty 1999/11/30 v2.0
\@emptytoks=\toks14
\ex@=\dimen103
))
(/usr/local/texlive/2014/texmf-dist/tex/latex/amsmath/amsbsy.sty
Package: amsbsy 1999/11/29 v1.2d
\pmbraise@=\dimen104
)
(/usr/local/texlive/2014/texmf-dist/tex/latex/amsmath/amsopn.sty
Package: amsopn 1999/12/14 v2.01 operator names
)
\inf@bad=\count87
LaTeX Info: Redefining \frac on input line 210.
\uproot@=\count88
\leftroot@=\count89
LaTeX Info: Redefining \overline on input line 306.
\classnum@=\count90
\DOTSCASE@=\count91
LaTeX Info: Redefining \ldots on input line 378.
LaTeX Info: Redefining \dots on input line 381.
LaTeX Info: Redefining \cdots on input line 466.
\Mathstrutbox@=\box26
\strutbox@=\box27
\big@size=\dimen105
LaTeX Font Info:    Redeclaring font encoding OML on input line 566.
LaTeX Font Info:    Redeclaring font encoding OMS on input line 567.
\macc@depth=\count92
\c@MaxMatrixCols=\count93
\dotsspace@=\muskip10
\c@parentequation=\count94
\dspbrk@lvl=\count95
\tag@help=\toks15
\row@=\count96
\column@=\count97
\maxfields@=\count98
\andhelp@=\toks16
\eqnshift@=\dimen106
\alignsep@=\dimen107
\tagshift@=\dimen108
\tagwidth@=\dimen109
\totwidth@=\dimen110
\lineht@=\dimen111
\@envbody=\toks17
\multlinegap=\skip44
\multlinetaggap=\skip45
\mathdisplay@stack=\toks18
LaTeX Info: Redefining \[ on input line 2665.
LaTeX Info: Redefining \] on input line 2666.
)
(/usr/local/texlive/2014/texmf-dist/tex/latex/amsfonts/amsfonts.sty
Package: amsfonts 2013/01/14 v3.01 Basic AMSFonts support
\symAMSa=\mathgroup4
\symAMSb=\mathgroup5
LaTeX Font Info:    Overwriting math alphabet `\mathfrak' in version `bold'
(Font)                  U/euf/m/n --> U/euf/b/n on input line 106.
)
(/usr/local/texlive/2014/texmf-dist/tex/latex/amscls/amsthm.sty
Package: amsthm 2004/08/06 v2.20
\thm@style=\toks19
\thm@bodyfont=\toks20
\thm@headfont=\toks21
\thm@notefont=\toks22
\thm@headpunct=\toks23
\thm@preskip=\skip46
\thm@postskip=\skip47
\thm@headsep=\skip48
\dth@everypar=\toks24
)
(/usr/local/texlive/2014/texmf-dist/tex/latex/amsfonts/amssymb.sty
Package: amssymb 2013/01/14 v3.01 AMS font symbols
)
(/usr/local/texlive/2014/texmf-dist/tex/latex/graphics/color.sty
Package: color 2014/04/23 v1.1a Standard LaTeX Color (DPC)

(/usr/local/texlive/2014/texmf-dist/tex/latex/latexconfig/color.cfg
File: color.cfg 2007/01/18 v1.5 color configuration of teTeX/TeXLive
)
Package color Info: Driver file: pdftex.def on input line 137.

(/usr/local/texlive/2014/texmf-dist/tex/latex/pdftex-def/pdftex.def
File: pdftex.def 2011/05/27 v0.06d Graphics/color for pdfTeX

(/usr/local/texlive/2014/texmf-dist/tex/generic/oberdiek/infwarerr.sty
Package: infwarerr 2010/04/08 v1.3 Providing info/warning/error messages (HO)
)
(/usr/local/texlive/2014/texmf-dist/tex/generic/oberdiek/ltxcmds.sty
Package: ltxcmds 2011/11/09 v1.22 LaTeX kernel commands for general use (HO)
)
\Gread@gobject=\count99
))
(/usr/local/texlive/2014/texmf-dist/tex/latex/fancyhdr/fancyhdr.sty
\fancy@headwidth=\skip49
\f@ncyO@elh=\skip50
\f@ncyO@erh=\skip51
\f@ncyO@olh=\skip52
\f@ncyO@orh=\skip53
\f@ncyO@elf=\skip54
\f@ncyO@erf=\skip55
\f@ncyO@olf=\skip56
\f@ncyO@orf=\skip57
)
(/usr/local/texlive/2014/texmf-dist/tex/latex/changepage/chngpage.sty
Package: chngpage 2009/10/20 v1.2b change page layout
\c@cp@cnt=\count100
\c@cp@tempcnt=\count101
)
(/usr/local/texlive/2014/texmf-dist/tex/latex/tools/enumerate.sty
Package: enumerate 1999/03/05 v3.00 enumerate extensions (DPC)
\@enLab=\toks25
)
(/usr/local/texlive/2014/texmf-dist/tex/latex/graphics/graphicx.sty
Package: graphicx 2014/04/25 v1.0g Enhanced LaTeX Graphics (DPC,SPQR)

(/usr/local/texlive/2014/texmf-dist/tex/latex/graphics/keyval.sty
Package: keyval 2014/05/08 v1.15 key=value parser (DPC)
\KV@toks@=\toks26
)
(/usr/local/texlive/2014/texmf-dist/tex/latex/graphics/graphics.sty
Package: graphics 2009/02/05 v1.0o Standard LaTeX Graphics (DPC,SPQR)

(/usr/local/texlive/2014/texmf-dist/tex/latex/graphics/trig.sty
Package: trig 1999/03/16 v1.09 sin cos tan (DPC)
)
(/usr/local/texlive/2014/texmf-dist/tex/latex/latexconfig/graphics.cfg
File: graphics.cfg 2010/04/23 v1.9 graphics configuration of TeX Live
)
Package graphics Info: Driver file: pdftex.def on input line 91.
)
\Gin@req@height=\dimen112
\Gin@req@width=\dimen113
)
(/usr/local/texlive/2014/texmf-dist/tex/latex/boxedminipage/boxedminipage.sty)
(./homeowork10.aux)
\openout1 = `homeowork10.aux'.

LaTeX Font Info:    Checking defaults for OML/cmm/m/it on input line 13.
LaTeX Font Info:    ... okay on input line 13.
LaTeX Font Info:    Checking defaults for T1/cmr/m/n on input line 13.
LaTeX Font Info:    ... okay on input line 13.
LaTeX Font Info:    Checking defaults for OT1/cmr/m/n on input line 13.
LaTeX Font Info:    ... okay on input line 13.
LaTeX Font Info:    Checking defaults for OMS/cmsy/m/n on input line 13.
LaTeX Font Info:    ... okay on input line 13.
LaTeX Font Info:    Checking defaults for OMX/cmex/m/n on input line 13.
LaTeX Font Info:    ... okay on input line 13.
LaTeX Font Info:    Checking defaults for U/cmr/m/n on input line 13.
LaTeX Font Info:    ... okay on input line 13.

(/usr/local/texlive/2014/texmf-dist/tex/context/base/supp-pdf.mkii
[Loading MPS to PDF converter (version 2006.09.02).]
\scratchcounter=\count102
\scratchdimen=\dimen114
\scratchbox=\box28
\nofMPsegments=\count103
\nofMParguments=\count104
\everyMPshowfont=\toks27
\MPscratchCnt=\count105
\MPscratchDim=\dimen115
\MPnumerator=\count106
\makeMPintoPDFobject=\count107
\everyMPtoPDFconversion=\toks28
) (/usr/local/texlive/2014/texmf-dist/tex/generic/oberdiek/pdftexcmds.sty
Package: pdftexcmds 2011/11/29 v0.20 Utility functions of pdfTeX for LuaTeX (HO
)

(/usr/local/texlive/2014/texmf-dist/tex/generic/oberdiek/ifluatex.sty
Package: ifluatex 2010/03/01 v1.3 Provides the ifluatex switch (HO)
Package ifluatex Info: LuaTeX not detected.
)
(/usr/local/texlive/2014/texmf-dist/tex/generic/oberdiek/ifpdf.sty
Package: ifpdf 2011/01/30 v2.3 Provides the ifpdf switch (HO)
Package ifpdf Info: pdfTeX in PDF mode is detected.
)
Package pdftexcmds Info: LuaTeX not detected.
Package pdftexcmds Info: \pdf@primitive is available.
Package pdftexcmds Info: \pdf@ifprimitive is available.
Package pdftexcmds Info: \pdfdraftmode found.
)
(/usr/local/texlive/2014/texmf-dist/tex/latex/oberdiek/epstopdf-base.sty
Package: epstopdf-base 2010/02/09 v2.5 Base part for package epstopdf

(/usr/local/texlive/2014/texmf-dist/tex/latex/oberdiek/grfext.sty
Package: grfext 2010/08/19 v1.1 Manage graphics extensions (HO)

(/usr/local/texlive/2014/texmf-dist/tex/generic/oberdiek/kvdefinekeys.sty
Package: kvdefinekeys 2011/04/07 v1.3 Define keys (HO)
))
(/usr/local/texlive/2014/texmf-dist/tex/latex/oberdiek/kvoptions.sty
Package: kvoptions 2011/06/30 v3.11 Key value format for package options (HO)

(/usr/local/texlive/2014/texmf-dist/tex/generic/oberdiek/kvsetkeys.sty
Package: kvsetkeys 2012/04/25 v1.16 Key value parser (HO)

(/usr/local/texlive/2014/texmf-dist/tex/generic/oberdiek/etexcmds.sty
Package: etexcmds 2011/02/16 v1.5 Avoid name clashes with e-TeX commands (HO)
Package etexcmds Info: Could not find \expanded.
(etexcmds)             That can mean that you are not using pdfTeX 1.50 or
(etexcmds)             that some package has redefined \expanded.
(etexcmds)             In the latter case, load this package earlier.
)))
Package grfext Info: Graphics extension search list:
(grfext)             [.png,.pdf,.jpg,.mps,.jpeg,.jbig2,.jb2,.PNG,.PDF,.JPG,.JPE
G,.JBIG2,.JB2,.eps]
(grfext)             \AppendGraphicsExtensions on input line 452.

(/usr/local/texlive/2014/texmf-dist/tex/latex/latexconfig/epstopdf-sys.cfg
File: epstopdf-sys.cfg 2010/07/13 v1.3 Configuration of (r)epstopdf for TeX Liv
e
))
LaTeX Font Info:    Try loading font information for U+msa on input line 16.

(/usr/local/texlive/2014/texmf-dist/tex/latex/amsfonts/umsa.fd
File: umsa.fd 2013/01/14 v3.01 AMS symbols A
)
LaTeX Font Info:    Try loading font information for U+msb on input line 16.

(/usr/local/texlive/2014/texmf-dist/tex/latex/amsfonts/umsb.fd
File: umsb.fd 2013/01/14 v3.01 AMS symbols B
)
/Users/robertbrothers/Desktop/Fall 2014/Fundamentals_of_Robotics/robo_git/pytho
n/HW10/homeowork10.tex:19: Misplaced alignment tab character &.
<argument> Interpreting Position &
                                   Velocity
l.19 \section{Interpreting Position & Velocity}
                                               
? 

/Users/robertbrothers/Desktop/Fall 2014/Fundamentals_of_Robotics/robo_git/pytho
n/HW10/homeowork10.tex:28: Package amsmath Error: Erroneous nesting of equation
 structures;
(amsmath)                trying to recover with `aligned'.

See the amsmath package documentation for explanation.
Type  H <return>  for immediate help.
 ...                                              
                                                  
l.28 \end{align}
                
? 

/Users/robertbrothers/Desktop/Fall 2014/Fundamentals_of_Robotics/robo_git/pytho
n/HW10/homeowork10.tex:39: Package amsmath Error: Erroneous nesting of equation
 structures;
(amsmath)                trying to recover with `aligned'.

See the amsmath package documentation for explanation.
Type  H <return>  for immediate help.
 ...                                              
                                                  
l.39 \end{align}
                
? 

/Users/robertbrothers/Desktop/Fall 2014/Fundamentals_of_Robotics/robo_git/pytho
n/HW10/homeowork10.tex:51: Package amsmath Error: Erroneous nesting of equation
 structures;
(amsmath)                trying to recover with `aligned'.

See the amsmath package documentation for explanation.
Type  H <return>  for immediate help.
 ...                                              
                                                  
l.51 \end{align}
                
? 
/Users/robertbrothers/Desktop/Fall 2014/Fundamentals_of_Robotics/robo_git/pytho
n/HW10/homeowork10.tex:60: Misplaced alignment tab character &.
l.60 q_{1}\left(t\right) &
                          =
? 

/Users/robertbrothers/Desktop/Fall 2014/Fundamentals_of_Robotics/robo_git/pytho
n/HW10/homeowork10.tex:63: Package amsmath Error: Erroneous nesting of equation
 structures;
(amsmath)                trying to recover with `aligned'.

See the amsmath package documentation for explanation.
Type  H <return>  for immediate help.
 ...                                              
                                                  
l.63 \end{align}
                
? 
[1

{/usr/local/texlive/2014/texmf-var/fonts/map/pdftex/updmap/pdftex.map}]
/Users/robertbrothers/Desktop/Fall 2014/Fundamentals_of_Robotics/robo_git/pytho
n/HW10/homeowork10.tex:70: Misplaced alignment tab character &.
<argument> Symbolic derivation of equations &
                                              simulations
l.70 ...lic derivation of equations & simulations}
                                                  
? 
/Users/robertbrothers/Desktop/Fall 2014/Fundamentals_of_Robotics/robo_git/pytho
n/HW10/homeowork10.tex:73: Misplaced alignment tab character &.
l.73 r_{c1} &
             =
? 

/Users/robertbrothers/Desktop/Fall 2014/Fundamentals_of_Robotics/robo_git/pytho
n/HW10/homeowork10.tex:81: Package amsmath Error: Erroneous nesting of equation
 structures;
(amsmath)                trying to recover with `aligned'.

See the amsmath package documentation for explanation.
Type  H <return>  for immediate help.
 ...                                              
                                                  
l.81 \end{align}
                
? 
/Users/robertbrothers/Desktop/Fall 2014/Fundamentals_of_Robotics/robo_git/pytho
n/HW10/homeowork10.tex:85: Misplaced alignment tab character &.
l.85 r_{c2} &
             =
? 

/Users/robertbrothers/Desktop/Fall 2014/Fundamentals_of_Robotics/robo_git/pytho
n/HW10/homeowork10.tex:93: Package amsmath Error: Erroneous nesting of equation
 structures;
(amsmath)                trying to recover with `aligned'.

See the amsmath package documentation for explanation.
Type  H <return>  for immediate help.
 ...                                              
                                                  
l.93 \end{align}
                
? 
/Users/robertbrothers/Desktop/Fall 2014/Fundamentals_of_Robotics/robo_git/pytho
n/HW10/homeowork10.tex:97: Misplaced alignment tab character &.
l.97 r_{c3} &
             =
? 

/Users/robertbrothers/Desktop/Fall 2014/Fundamentals_of_Robotics/robo_git/pytho
n/HW10/homeowork10.tex:105: Package amsmath Error: Erroneous nesting of equatio
n structures;
(amsmath)                trying to recover with `aligned'.

See the amsmath package documentation for explanation.
Type  H <return>  for immediate help.
 ...                                              
                                                  
l.105 \end{align}
                 
? 
/Users/robertbrothers/Desktop/Fall 2014/Fundamentals_of_Robotics/robo_git/pytho
n/HW10/homeowork10.tex:110: Misplaced alignment tab character &.
l.110 O_{0} &
             =  A_{0}^{0}O_{0}^{0}
? 
/Users/robertbrothers/Desktop/Fall 2014/Fundamentals_of_Robotics/robo_git/pytho
n/HW10/homeowork10.tex:114: Misplaced alignment tab character &.
l.114 O_{1} &
             =  A_{1}^{0}O_{1}^{1}
? 
/Users/robertbrothers/Desktop/Fall 2014/Fundamentals_of_Robotics/robo_git/pytho
n/HW10/homeowork10.tex:118: Misplaced alignment tab character &.
l.118 O_{2} &
             = A_{2}^{0}O_{2}^{2}
? 
/Users/robertbrothers/Desktop/Fall 2014/Fundamentals_of_Robotics/robo_git/pytho
n/HW10/homeowork10.tex:122: Misplaced alignment tab character &.
l.122 O_{3} &
             = A_{3}^{0}O_{3}^{3}
? 
[2]
/Users/robertbrothers/Desktop/Fall 2014/Fundamentals_of_Robotics/robo_git/pytho
n/HW10/homeowork10.tex:127: Misplaced alignment tab character &.
l.127 J_{v1} &
              =
? 
/Users/robertbrothers/Desktop/Fall 2014/Fundamentals_of_Robotics/robo_git/pytho
n/HW10/homeowork10.tex:134: Misplaced alignment tab character &.
l.134 J_{v2} &
              =
? 
/Users/robertbrothers/Desktop/Fall 2014/Fundamentals_of_Robotics/robo_git/pytho
n/HW10/homeowork10.tex:141: Misplaced alignment tab character &.
l.141 J_{v3} &
              =
? 
/Users/robertbrothers/Desktop/Fall 2014/Fundamentals_of_Robotics/robo_git/pytho
n/HW10/homeowork10.tex:149: Misplaced alignment tab character &.
l.149 J_{\omega1} &
                   =
? 
/Users/robertbrothers/Desktop/Fall 2014/Fundamentals_of_Robotics/robo_git/pytho
n/HW10/homeowork10.tex:156: Misplaced alignment tab character &.
l.156 J_{\omega2} &
                   =
? 
/Users/robertbrothers/Desktop/Fall 2014/Fundamentals_of_Robotics/robo_git/pytho
n/HW10/homeowork10.tex:163: Misplaced alignment tab character &.
l.163 J_{\omega3} &
                   =
? 
/Users/robertbrothers/Desktop/Fall 2014/Fundamentals_of_Robotics/robo_git/pytho
n/HW10/homeowork10.tex:173: Misplaced alignment tab character &.
l.173 K &
         =
? 

/Users/robertbrothers/Desktop/Fall 2014/Fundamentals_of_Robotics/robo_git/pytho
n/HW10/homeowork10.tex:181: Package amsmath Error: Erroneous nesting of equatio
n structures;
(amsmath)                trying to recover with `aligned'.

See the amsmath package documentation for explanation.
Type  H <return>  for immediate help.
 ...                                              
                                                  
l.181 \end{align}
                 
? 
/Users/robertbrothers/Desktop/Fall 2014/Fundamentals_of_Robotics/robo_git/pytho
n/HW10/homeowork10.tex:181: Double superscript.
<argument> ...&\qquad + J_{\omega 1}^{T}R_{1}^{b}^
                                                  {T}I_{1}R_{1}^{b}J_{\omega...
l.181 \end{align}
                 
? 
/Users/robertbrothers/Desktop/Fall 2014/Fundamentals_of_Robotics/robo_git/pytho
n/HW10/homeowork10.tex:181: Double superscript.
<argument> ...mega 1} + J_{\omega 2}^{T}R_{2}^{b}^
                                                  {T}I_{2}R_{2}^{b}J_{\omega...
l.181 \end{align}
                 
? 
/Users/robertbrothers/Desktop/Fall 2014/Fundamentals_of_Robotics/robo_git/pytho
n/HW10/homeowork10.tex:181: Double superscript.
<argument> ...omega 2} +J_{\omega 3}^{T}R_{3}^{b}^
                                                  {T}I_{3}R_{3}^{b}J_{\omega...
l.181 \end{align}
                 
? 

/Users/robertbrothers/Desktop/Fall 2014/Fundamentals_of_Robotics/robo_git/pytho
n/HW10/homeowork10.tex:187: Package amsmath Error: Erroneous nesting of equatio
n structures;
(amsmath)                trying to recover with `aligned'.

See the amsmath package documentation for explanation.
Type  H <return>  for immediate help.
 ...                                              
                                                  
l.187 \end{align}
                 
? 
<hw10_4.png, id=20, 578.16pt x 434.1018pt>
File: hw10_4.png Graphic file (type png)
 <use hw10_4.png>
Package pdftex.def Info: hw10_4.png used on input line 196.
(pdftex.def)             Requested size: 289.07928pt x 217.05037pt.
 [3]
<homework10plots.pdf, id=24, 578.16pt x 433.62pt>
File: homework10plots.pdf Graphic file (type pdf)
 <use homework10plots.pdf>
Package pdftex.def Info: homework10plots.pdf used on input line 201.
(pdftex.def)             Requested size: 289.07928pt x 216.80946pt.

[4 <./hw10_4.png (PNG copy)> <./homework10plots.pdf>] (./homeowork10.aux) ) 
Here is how much of TeX's memory you used:
 2737 strings out of 493117
 36842 string characters out of 6135433
 102058 words of memory out of 5000000
 6143 multiletter control sequences out of 15000+600000
 11796 words of font info for 46 fonts, out of 8000000 for 9000
 1141 hyphenation exceptions out of 8191
 37i,13n,43p,332b,198s stack positions out of 5000i,500n,10000p,200000b,80000s
</us
r/local/texlive/2014/texmf-dist/fonts/type1/public/amsfonts/cm/cmbx12.pfb></usr
/local/texlive/2014/texmf-dist/fonts/type1/public/amsfonts/cmextra/cmex8.pfb></
usr/local/texlive/2014/texmf-dist/fonts/type1/public/amsfonts/cm/cmmi12.pfb></u
sr/local/texlive/2014/texmf-dist/fonts/type1/public/amsfonts/cm/cmmi6.pfb></usr
/local/texlive/2014/texmf-dist/fonts/type1/public/amsfonts/cm/cmmi8.pfb></usr/l
ocal/texlive/2014/texmf-dist/fonts/type1/public/amsfonts/cm/cmr10.pfb></usr/loc
al/texlive/2014/texmf-dist/fonts/type1/public/amsfonts/cm/cmr12.pfb></usr/local
/texlive/2014/texmf-dist/fonts/type1/public/amsfonts/cm/cmr17.pfb></usr/local/t
exlive/2014/texmf-dist/fonts/type1/public/amsfonts/cm/cmr6.pfb></usr/local/texl
ive/2014/texmf-dist/fonts/type1/public/amsfonts/cm/cmr8.pfb></usr/local/texlive
/2014/texmf-dist/fonts/type1/public/amsfonts/cm/cmsy8.pfb>
Output written on homeowork10.pdf (4 pages, 145626 bytes).
PDF statistics:
 110 PDF objects out of 1000 (max. 8388607)
 57 compressed objects within 1 object stream
 0 named destinations out of 1000 (max. 500000)
 11 words of extra memory for PDF output out of 10000 (max. 10000000)

